Determining if the pthread_create exist failed with the following output:
Change Dir: /home/fredrik/Development/rt_viewer/build/CMakeFiles/CMakeTmp

Run Build Command:"/usr/bin/make" "cmTC_d1473/fast"
/usr/bin/make -f CMakeFiles/cmTC_d1473.dir/build.make CMakeFiles/cmTC_d1473.dir/build
make[1]: Entering directory '/home/fredrik/Development/rt_viewer/build/CMakeFiles/CMakeTmp'
Building C object CMakeFiles/cmTC_d1473.dir/CheckSymbolExists.c.o
/usr/bin/cc    -o CMakeFiles/cmTC_d1473.dir/CheckSymbolExists.c.o   -c /home/fredrik/Development/rt_viewer/build/CMakeFiles/CMakeTmp/CheckSymbolExists.c
Linking C executable cmTC_d1473
/usr/bin/cmake -E cmake_link_script CMakeFiles/cmTC_d1473.dir/link.txt --verbose=1
/usr/bin/cc      -rdynamic CMakeFiles/cmTC_d1473.dir/CheckSymbolExists.c.o  -o cmTC_d1473 
CMakeFiles/cmTC_d1473.dir/CheckSymbolExists.c.o: In function `main':
CheckSymbolExists.c:(.text+0x1b): undefined reference to `pthread_create'
collect2: error: ld returned 1 exit status
CMakeFiles/cmTC_d1473.dir/build.make:97: recipe for target 'cmTC_d1473' failed
make[1]: *** [cmTC_d1473] Error 1
make[1]: Leaving directory '/home/fredrik/Development/rt_viewer/build/CMakeFiles/CMakeTmp'
Makefile:126: recipe for target 'cmTC_d1473/fast' failed
make: *** [cmTC_d1473/fast] Error 2

File /home/fredrik/Development/rt_viewer/build/CMakeFiles/CMakeTmp/CheckSymbolExists.c:
/* */
#include <pthread.h>

int main(int argc, char** argv)
{
  (void)argv;
#ifndef pthread_create
  return ((int*)(&pthread_create))[argc];
#else
  (void)argc;
  return 0;
#endif
}

Determining if the function pthread_create exists in the pthreads failed with the following output:
Change Dir: /home/fredrik/Development/rt_viewer/build/CMakeFiles/CMakeTmp

Run Build Command:"/usr/bin/make" "cmTC_36e6e/fast"
/usr/bin/make -f CMakeFiles/cmTC_36e6e.dir/build.make CMakeFiles/cmTC_36e6e.dir/build
make[1]: Entering directory '/home/fredrik/Development/rt_viewer/build/CMakeFiles/CMakeTmp'
Building C object CMakeFiles/cmTC_36e6e.dir/CheckFunctionExists.c.o
/usr/bin/cc   -DCHECK_FUNCTION_EXISTS=pthread_create   -o CMakeFiles/cmTC_36e6e.dir/CheckFunctionExists.c.o   -c /usr/share/cmake-3.10/Modules/CheckFunctionExists.c
Linking C executable cmTC_36e6e
/usr/bin/cmake -E cmake_link_script CMakeFiles/cmTC_36e6e.dir/link.txt --verbose=1
/usr/bin/cc  -DCHECK_FUNCTION_EXISTS=pthread_create    -rdynamic CMakeFiles/cmTC_36e6e.dir/CheckFunctionExists.c.o  -o cmTC_36e6e -lpthreads 
/usr/bin/ld: cannot find -lpthreads
collect2: error: ld returned 1 exit status
CMakeFiles/cmTC_36e6e.dir/build.make:97: recipe for target 'cmTC_36e6e' failed
make[1]: *** [cmTC_36e6e] Error 1
make[1]: Leaving directory '/home/fredrik/Development/rt_viewer/build/CMakeFiles/CMakeTmp'
Makefile:126: recipe for target 'cmTC_36e6e/fast' failed
make: *** [cmTC_36e6e/fast] Error 2


Determining if the function glXGetProcAddressEXT exists failed with the following output:
Change Dir: /home/fredrik/Development/rt_viewer/build/CMakeFiles/CMakeTmp

Run Build Command:"/usr/bin/make" "cmTC_757fd/fast"
/usr/bin/make -f CMakeFiles/cmTC_757fd.dir/build.make CMakeFiles/cmTC_757fd.dir/build
make[1]: Entering directory '/home/fredrik/Development/rt_viewer/build/CMakeFiles/CMakeTmp'
Building C object CMakeFiles/cmTC_757fd.dir/CheckFunctionExists.c.o
/usr/bin/cc   -DCHECK_FUNCTION_EXISTS=glXGetProcAddressEXT   -o CMakeFiles/cmTC_757fd.dir/CheckFunctionExists.c.o   -c /usr/share/cmake-3.10/Modules/CheckFunctionExists.c
Linking C executable cmTC_757fd
/usr/bin/cmake -E cmake_link_script CMakeFiles/cmTC_757fd.dir/link.txt --verbose=1
/usr/bin/cc  -DCHECK_FUNCTION_EXISTS=glXGetProcAddressEXT    -rdynamic CMakeFiles/cmTC_757fd.dir/CheckFunctionExists.c.o  -o cmTC_757fd /usr/lib/x86_64-linux-gnu/libGL.so 
CMakeFiles/cmTC_757fd.dir/CheckFunctionExists.c.o: In function `main':
CheckFunctionExists.c:(.text+0x10): undefined reference to `glXGetProcAddressEXT'
collect2: error: ld returned 1 exit status
CMakeFiles/cmTC_757fd.dir/build.make:98: recipe for target 'cmTC_757fd' failed
make[1]: *** [cmTC_757fd] Error 1
make[1]: Leaving directory '/home/fredrik/Development/rt_viewer/build/CMakeFiles/CMakeTmp'
Makefile:126: recipe for target 'cmTC_757fd/fast' failed
make: *** [cmTC_757fd/fast] Error 2


